# JRE version: Java(TM) SE Runtime Environment (8.0_231-b11) (build 1.8.0_231-b11)
# Java VM: Java HotSpot(TM) Client VM (25.231-b11 mixed mode windows-x86 )
Heap:
 def new generation   total 4928K, used 964K [0x05400000, 0x05950000, 0x0a950000)
  eden space 4416K,  10% used [0x05400000, 0x054710c8, 0x05850000)
  from space 512K, 100% used [0x05850000, 0x058d0000, 0x058d0000)
  to   space 512K,   0% used [0x058d0000, 0x058d0000, 0x05950000)
 tenured generation   total 10944K, used 1845K [0x0a950000, 0x0b400000, 0x15400000)
   the space 10944K,  16% used [0x0a950000, 0x0ab1d798, 0x0ab1d800, 0x0b400000)
 Metaspace       used 6448K, capacity 6767K, committed 6912K, reserved 7552K
GC Heap History (8 events):
Event: 0.141 GC heap before
{Heap before GC invocations=0 (full 0):
 def new generation   total 4928K, used 4416K [0x05400000, 0x05950000, 0x0a950000)
  eden space 4416K, 100% used [0x05400000, 0x05850000, 0x05850000)
  from space 512K,   0% used [0x05850000, 0x05850000, 0x058d0000)
  to   space 512K,   0% used [0x058d0000, 0x058d0000, 0x05950000)
 tenured generation   total 10944K, used 0K [0x0a950000, 0x0b400000, 0x15400000)
   the space 10944K,   0% used [0x0a950000, 0x0a950000, 0x0a950200, 0x0b400000)
 Metaspace       used 2674K, capacity 2828K, committed 2880K, reserved 4480K
Event: 0.143 GC heap after
Heap after GC invocations=1 (full 0):
 def new generation   total 4928K, used 512K [0x05400000, 0x05950000, 0x0a950000)
  eden space 4416K,   0% used [0x05400000, 0x05400000, 0x05850000)
  from space 512K, 100% used [0x058d0000, 0x05950000, 0x05950000)
  to   space 512K,   0% used [0x05850000, 0x05850000, 0x058d0000)
 tenured generation   total 10944K, used 288K [0x0a950000, 0x0b400000, 0x15400000)
   the space 10944K,   2% used [0x0a950000, 0x0a998190, 0x0a998200, 0x0b400000)
 Metaspace       used 2674K, capacity 2828K, committed 2880K, reserved 4480K
}
Event: 0.271 GC heap before
{Heap before GC invocations=1 (full 0):
 def new generation   total 4928K, used 4928K [0x05400000, 0x05950000, 0x0a950000)
  eden space 4416K, 100% used [0x05400000, 0x05850000, 0x05850000)
  from space 512K, 100% used [0x058d0000, 0x05950000, 0x05950000)
  to   space 512K,   0% used [0x05850000, 0x05850000, 0x058d0000)
 tenured generation   total 10944K, used 288K [0x0a950000, 0x0b400000, 0x15400000)
   the space 10944K,   2% used [0x0a950000, 0x0a998190, 0x0a998200, 0x0b400000)
 Metaspace       used 3792K, capacity 4054K, committed 4160K, reserved 4480K
Event: 0.273 GC heap after
Heap after GC invocations=2 (full 0):
 def new generation   total 4928K, used 244K [0x05400000, 0x05950000, 0x0a950000)
  eden space 4416K,   0% used [0x05400000, 0x05400000, 0x05850000)
  from space 512K,  47% used [0x05850000, 0x0588d178, 0x058d0000)
  to   space 512K,   0% used [0x058d0000, 0x058d0000, 0x05950000)
 tenured generation   total 10944K, used 792K [0x0a950000, 0x0b400000, 0x15400000)
   the space 10944K,   7% used [0x0a950000, 0x0aa16170, 0x0aa16200, 0x0b400000)
 Metaspace       used 3792K, capacity 4054K, committed 4160K, reserved 4480K
}
Event: 0.319 GC heap before
{Heap before GC invocations=2 (full 0):
 def new generation   total 4928K, used 4647K [0x05400000, 0x05950000, 0x0a950000)
  eden space 4416K,  99% used [0x05400000, 0x0584cc80, 0x05850000)
  from space 512K,  47% used [0x05850000, 0x0588d178, 0x058d0000)
  to   space 512K,   0% used [0x058d0000, 0x058d0000, 0x05950000)
 tenured generation   total 10944K, used 792K [0x0a950000, 0x0b400000, 0x15400000)
   the space 10944K,   7% used [0x0a950000, 0x0aa16170, 0x0aa16200, 0x0b400000)
 Metaspace       used 5010K, capacity 5327K, committed 5376K, reserved 5504K
Event: 0.321 GC heap after
Heap after GC invocations=3 (full 0):
 def new generation   total 4928K, used 512K [0x05400000, 0x05950000, 0x0a950000)
  eden space 4416K,   0% used [0x05400000, 0x05400000, 0x05850000)
  from space 512K, 100% used [0x058d0000, 0x05950000, 0x05950000)
  to   space 512K,   0% used [0x05850000, 0x05850000, 0x058d0000)
 tenured generation   total 10944K, used 1308K [0x0a950000, 0x0b400000, 0x15400000)
   the space 10944K,  11% used [0x0a950000, 0x0aa97320, 0x0aa97400, 0x0b400000)
 Metaspace       used 5010K, capacity 5327K, committed 5376K, reserved 5504K
}
Event: 0.376 GC heap before
{Heap before GC invocations=3 (full 0):
 def new generation   total 4928K, used 4920K [0x05400000, 0x05950000, 0x0a950000)
  eden space 4416K,  99% used [0x05400000, 0x0584e080, 0x05850000)
  from space 512K, 100% used [0x058d0000, 0x05950000, 0x05950000)
  to   space 512K,   0% used [0x05850000, 0x05850000, 0x058d0000)
 tenured generation   total 10944K, used 1308K [0x0a950000, 0x0b400000, 0x15400000)
   the space 10944K,  11% used [0x0a950000, 0x0aa97320, 0x0aa97400, 0x0b400000)
 Metaspace       used 6326K, capacity 6637K, committed 6784K, reserved 7552K
Event: 0.379 GC heap after
Heap after GC invocations=4 (full 0):
 def new generation   total 4928K, used 512K [0x05400000, 0x05950000, 0x0a950000)
  eden space 4416K,   0% used [0x05400000, 0x05400000, 0x05850000)
  from space 512K, 100% used [0x05850000, 0x058d0000, 0x058d0000)
  to   space 512K,   0% used [0x058d0000, 0x058d0000, 0x05950000)
 tenured generation   total 10944K, used 1845K [0x0a950000, 0x0b400000, 0x15400000)
   the space 10944K,  16% used [0x0a950000, 0x0ab1d798, 0x0ab1d800, 0x0b400000)
 Metaspace       used 6326K, capacity 6637K, committed 6784K, reserved 7552K
}

